The target system is: Linux - 1 - aarch64
The host system is: Linux - 4.15.0-64-generic - x86_64
Compiling the C compiler identification source file "CMakeCCompilerId.c" succeeded.
Compiler: /home/ubuntu/NVIDIA/Drive/5050bL_SDK/DriveSDK/drive-t186ref-linux/../toolchains/tegra-4.9-nv/usr/bin/aarch64-gnu-linux/aarch64-gnu-linux-gcc 
Build flags: -fPIC
Id flags: 

The output was:
0


Compilation of the C compiler identification source "CMakeCCompilerId.c" produced "a.out"

The C compiler identification is GNU, found in "/usr/local/driveworks-0.6/PilotNet/build-target/CMakeFiles/3.5.1/CompilerIdC/a.out"

Compiling the CXX compiler identification source file "CMakeCXXCompilerId.cpp" succeeded.
Compiler: /home/ubuntu/NVIDIA/Drive/5050bL_SDK/DriveSDK/drive-t186ref-linux/../toolchains/tegra-4.9-nv/usr/bin/aarch64-gnu-linux/aarch64-gnu-linux-g++ 
Build flags: -fPIC
Id flags: 

The output was:
0


Compilation of the CXX compiler identification source "CMakeCXXCompilerId.cpp" produced "a.out"

The CXX compiler identification is GNU, found in "/usr/local/driveworks-0.6/PilotNet/build-target/CMakeFiles/3.5.1/CompilerIdCXX/a.out"

Determining if the C compiler works passed with the following output:
Change Dir: /usr/local/driveworks-0.6/PilotNet/build-target/CMakeFiles/CMakeTmp

Run Build Command:"/usr/bin/make" "cmTC_1e3ca/fast"
/usr/bin/make -f CMakeFiles/cmTC_1e3ca.dir/build.make CMakeFiles/cmTC_1e3ca.dir/build
make[1]: Entering directory '/usr/local/driveworks-0.6/PilotNet/build-target/CMakeFiles/CMakeTmp'
Building C object CMakeFiles/cmTC_1e3ca.dir/testCCompiler.c.o
/home/ubuntu/NVIDIA/Drive/5050bL_SDK/DriveSDK/drive-t186ref-linux/../toolchains/tegra-4.9-nv/usr/bin/aarch64-gnu-linux/aarch64-gnu-linux-gcc  -DVIBRANTE -DVIBRANTE_V5L -isystem /include  -fPIC    -o CMakeFiles/cmTC_1e3ca.dir/testCCompiler.c.o   -c /usr/local/driveworks-0.6/PilotNet/build-target/CMakeFiles/CMakeTmp/testCCompiler.c
Linking C executable cmTC_1e3ca
/usr/bin/cmake -E cmake_link_script CMakeFiles/cmTC_1e3ca.dir/link.txt --verbose=1
/home/ubuntu/NVIDIA/Drive/5050bL_SDK/DriveSDK/drive-t186ref-linux/../toolchains/tegra-4.9-nv/usr/bin/aarch64-gnu-linux/aarch64-gnu-linux-gcc  -fPIC   -L/lib-target -L/targetfs/lib/aarch64-linux-gnu -Wl,-rpath,/lib-target   CMakeFiles/cmTC_1e3ca.dir/testCCompiler.c.o  -o cmTC_1e3ca -rdynamic 
make[1]: Leaving directory '/usr/local/driveworks-0.6/PilotNet/build-target/CMakeFiles/CMakeTmp'


Detecting C compiler ABI info compiled with the following output:
Change Dir: /usr/local/driveworks-0.6/PilotNet/build-target/CMakeFiles/CMakeTmp

Run Build Command:"/usr/bin/make" "cmTC_353f8/fast"
/usr/bin/make -f CMakeFiles/cmTC_353f8.dir/build.make CMakeFiles/cmTC_353f8.dir/build
make[1]: Entering directory '/usr/local/driveworks-0.6/PilotNet/build-target/CMakeFiles/CMakeTmp'
Building C object CMakeFiles/cmTC_353f8.dir/CMakeCCompilerABI.c.o
/home/ubuntu/NVIDIA/Drive/5050bL_SDK/DriveSDK/drive-t186ref-linux/../toolchains/tegra-4.9-nv/usr/bin/aarch64-gnu-linux/aarch64-gnu-linux-gcc  -DVIBRANTE -DVIBRANTE_V5L -isystem /include  -fPIC    -o CMakeFiles/cmTC_353f8.dir/CMakeCCompilerABI.c.o   -c /usr/share/cmake-3.5/Modules/CMakeCCompilerABI.c
Linking C executable cmTC_353f8
/usr/bin/cmake -E cmake_link_script CMakeFiles/cmTC_353f8.dir/link.txt --verbose=1
/home/ubuntu/NVIDIA/Drive/5050bL_SDK/DriveSDK/drive-t186ref-linux/../toolchains/tegra-4.9-nv/usr/bin/aarch64-gnu-linux/aarch64-gnu-linux-gcc  -fPIC   -L/lib-target -L/targetfs/lib/aarch64-linux-gnu -Wl,-rpath,/lib-target  -v CMakeFiles/cmTC_353f8.dir/CMakeCCompilerABI.c.o  -o cmTC_353f8 -rdynamic  
Using built-in specs.
COLLECT_GCC=/home/ubuntu/NVIDIA/Drive/5050bL_SDK/DriveSDK/drive-t186ref-linux/../toolchains/tegra-4.9-nv/usr/bin/aarch64-gnu-linux/aarch64-gnu-linux-gcc
COLLECT_LTO_WRAPPER=/home/ubuntu/NVIDIA/Drive/5050bL_SDK/DriveSDK/toolchains/tegra-4.9-nv/usr/bin/aarch64-gnu-linux/../../libexec/aarch64-gnu-linux/gcc/aarch64-gnu-linux/4.9.2/lto-wrapper
Target: aarch64-gnu-linux
Configured with: /home/savl/mytree/yocto-layer/scripts-vib4/build/tmp/work-shared/gcc-4.9.2-r0/gcc-4.9.2/configure --build=x86_64-linux --host=i686-oesdk-linux --target=aarch64-gnu-linux --prefix=/usr/local/oecore-i686/sysroots/i686-oesdk-linux/usr --exec_prefix=/usr/local/oecore-i686/sysroots/i686-oesdk-linux/usr --bindir=/usr/local/oecore-i686/sysroots/i686-oesdk-linux/usr/bin/aarch64-gnu-linux --sbindir=/usr/local/oecore-i686/sysroots/i686-oesdk-linux/usr/bin/aarch64-gnu-linux --libexecdir=/usr/local/oecore-i686/sysroots/i686-oesdk-linux/usr/libexec/aarch64-gnu-linux --datadir=/usr/local/oecore-i686/sysroots/i686-oesdk-linux/usr/share --sysconfdir=/usr/local/oecore-i686/sysroots/i686-oesdk-linux/etc --sharedstatedir=/usr/local/oecore-i686/sysroots/i686-oesdk-linux/com --localstatedir=/usr/local/oecore-i686/sysroots/i686-oesdk-linux/var --libdir=/usr/local/oecore-i686/sysroots/i686-oesdk-linux/usr/lib/aarch64-gnu-linux --includedir=/usr/local/oecore-i686/sysroots/i686-oesdk-linux/usr/include --oldincludedir=/usr/local/oecore-i686/sysroots/i686-oesdk-linux/usr/include --infodir=/usr/local/oecore-i686/sysroots/i686-oesdk-linux/usr/share/info --mandir=/usr/local/oecore-i686/sysroots/i686-oesdk-linux/usr/share/man --disable-silent-rules --disable-dependency-tracking --with-libtool-sysroot=/home/savl/mytree/yocto-layer/scripts-vib4/build/tmp/sysroots/i686-nativesdk-oesdk-linux --with-gnu-ld --enable-shared --enable-languages=c,c++ --enable-threads=posix --enable-multilib --enable-c99 --enable-long-long --enable-symvers=gnu --enable-libstdcxx-pch --program-prefix=aarch64-gnu-linux- --without-local-prefix --enable-target-optspace --enable-lto --enable-libssp --disable-bootstrap --disable-libmudflap --with-system-zlib --with-linker-hash-style=gnu --enable-linker-build-id --with-ppl=no --with-cloog=no --enable-checking=release --enable-cheaders=c_global --with-build-time-tools=/home/savl/mytree/yocto-layer/scripts-vib4/build/tmp/sysroots/x86_64-linux/usr/aarch64-gnu-linux/bin --with-sysroot=/not/exist --with-build-sysroot=/home/savl/mytree/yocto-layer/scripts-vib4/build/tmp/sysroots/tegra-t18x --with-sysroot=/usr/local/oecore-i686/sysroots/i686-oesdk-linux/usr/sysroot --enable-poison-system-directories --with-mpfr=/home/savl/mytree/yocto-layer/scripts-vib4/build/tmp/sysroots/i686-nativesdk-oesdk-linux --with-mpc=/home/savl/mytree/yocto-layer/scripts-vib4/build/tmp/sysroots/i686-nativesdk-oesdk-linux --enable-nls --enable-__cxa_atexit
Thread model: posix
gcc version 4.9.2 (GCC) 
COMPILER_PATH=/home/ubuntu/NVIDIA/Drive/5050bL_SDK/DriveSDK/toolchains/tegra-4.9-nv/usr/bin/aarch64-gnu-linux/../../libexec/aarch64-gnu-linux/gcc/aarch64-gnu-linux/4.9.2/:/home/ubuntu/NVIDIA/Drive/5050bL_SDK/DriveSDK/toolchains/tegra-4.9-nv/usr/bin/aarch64-gnu-linux/../../libexec/aarch64-gnu-linux/gcc/
LIBRARY_PATH=/home/ubuntu/NVIDIA/Drive/5050bL_SDK/DriveSDK/toolchains/tegra-4.9-nv/usr/bin/aarch64-gnu-linux/../../lib/aarch64-gnu-linux/gcc/aarch64-gnu-linux/4.9.2/:/home/ubuntu/NVIDIA/Drive/5050bL_SDK/DriveSDK/toolchains/tegra-4.9-nv/usr/bin/aarch64-gnu-linux/../../lib/aarch64-gnu-linux/gcc/:/home/ubuntu/NVIDIA/Drive/5050bL_SDK/DriveSDK/toolchains/tegra-4.9-nv/usr/bin/aarch64-gnu-linux/../../sysroot/lib/:/home/ubuntu/NVIDIA/Drive/5050bL_SDK/DriveSDK/toolchains/tegra-4.9-nv/usr/bin/aarch64-gnu-linux/../../sysroot/usr/lib/aarch64-gnu-linux/4.9.2/:/home/ubuntu/NVIDIA/Drive/5050bL_SDK/DriveSDK/toolchains/tegra-4.9-nv/usr/bin/aarch64-gnu-linux/../../sysroot/usr/lib/
COLLECT_GCC_OPTIONS='--sysroot=/home/ubuntu/NVIDIA/Drive/5050bL_SDK/DriveSDK/toolchains/tegra-4.9-nv/usr/bin/aarch64-gnu-linux/../../sysroot' '-fPIC' '-L/lib-target' '-L/targetfs/lib/aarch64-linux-gnu' '-v' '-o' 'cmTC_353f8' '-rdynamic' '-mlittle-endian' '-mabi=lp64'
 /home/ubuntu/NVIDIA/Drive/5050bL_SDK/DriveSDK/toolchains/tegra-4.9-nv/usr/bin/aarch64-gnu-linux/../../libexec/aarch64-gnu-linux/gcc/aarch64-gnu-linux/4.9.2/collect2 --sysroot=/home/ubuntu/NVIDIA/Drive/5050bL_SDK/DriveSDK/toolchains/tegra-4.9-nv/usr/bin/aarch64-gnu-linux/../../sysroot --build-id --eh-frame-hdr --hash-style=gnu -export-dynamic -dynamic-linker /lib/ld-linux-aarch64.so.1 -X -EL -maarch64linux -o cmTC_353f8 /home/ubuntu/NVIDIA/Drive/5050bL_SDK/DriveSDK/toolchains/tegra-4.9-nv/usr/bin/aarch64-gnu-linux/../../sysroot/usr/lib/crt1.o /home/ubuntu/NVIDIA/Drive/5050bL_SDK/DriveSDK/toolchains/tegra-4.9-nv/usr/bin/aarch64-gnu-linux/../../sysroot/usr/lib/crti.o /home/ubuntu/NVIDIA/Drive/5050bL_SDK/DriveSDK/toolchains/tegra-4.9-nv/usr/bin/aarch64-gnu-linux/../../sysroot/usr/lib/aarch64-gnu-linux/4.9.2/crtbegin.o -L/lib-target -L/targetfs/lib/aarch64-linux-gnu -L/home/ubuntu/NVIDIA/Drive/5050bL_SDK/DriveSDK/toolchains/tegra-4.9-nv/usr/bin/aarch64-gnu-linux/../../lib/aarch64-gnu-linux/gcc/aarch64-gnu-linux/4.9.2 -L/home/ubuntu/NVIDIA/Drive/5050bL_SDK/DriveSDK/toolchains/tegra-4.9-nv/usr/bin/aarch64-gnu-linux/../../lib/aarch64-gnu-linux/gcc -L/home/ubuntu/NVIDIA/Drive/5050bL_SDK/DriveSDK/toolchains/tegra-4.9-nv/usr/bin/aarch64-gnu-linux/../../sysroot/lib -L/home/ubuntu/NVIDIA/Drive/5050bL_SDK/DriveSDK/toolchains/tegra-4.9-nv/usr/bin/aarch64-gnu-linux/../../sysroot/usr/lib/aarch64-gnu-linux/4.9.2 -L/home/ubuntu/NVIDIA/Drive/5050bL_SDK/DriveSDK/toolchains/tegra-4.9-nv/usr/bin/aarch64-gnu-linux/../../sysroot/usr/lib -rpath /lib-target CMakeFiles/cmTC_353f8.dir/CMakeCCompilerABI.c.o -lgcc --as-needed -lgcc_s --no-as-needed -lc -lgcc --as-needed -lgcc_s --no-as-needed /home/ubuntu/NVIDIA/Drive/5050bL_SDK/DriveSDK/toolchains/tegra-4.9-nv/usr/bin/aarch64-gnu-linux/../../sysroot/usr/lib/aarch64-gnu-linux/4.9.2/crtend.o /home/ubuntu/NVIDIA/Drive/5050bL_SDK/DriveSDK/toolchains/tegra-4.9-nv/usr/bin/aarch64-gnu-linux/../../sysroot/usr/lib/crtn.o
make[1]: Leaving directory '/usr/local/driveworks-0.6/PilotNet/build-target/CMakeFiles/CMakeTmp'


Parsed C implicit link information from above output:
  link line regex: [^( *|.*[/\])(aarch64-gnu-linux-ld|([^/\]+-)?ld|collect2)[^/\]*( |$)]
  ignore line: [Change Dir: /usr/local/driveworks-0.6/PilotNet/build-target/CMakeFiles/CMakeTmp]
  ignore line: []
  ignore line: [Run Build Command:"/usr/bin/make" "cmTC_353f8/fast"]
  ignore line: [/usr/bin/make -f CMakeFiles/cmTC_353f8.dir/build.make CMakeFiles/cmTC_353f8.dir/build]
  ignore line: [make[1]: Entering directory '/usr/local/driveworks-0.6/PilotNet/build-target/CMakeFiles/CMakeTmp']
  ignore line: [Building C object CMakeFiles/cmTC_353f8.dir/CMakeCCompilerABI.c.o]
  ignore line: [/home/ubuntu/NVIDIA/Drive/5050bL_SDK/DriveSDK/drive-t186ref-linux/../toolchains/tegra-4.9-nv/usr/bin/aarch64-gnu-linux/aarch64-gnu-linux-gcc  -DVIBRANTE -DVIBRANTE_V5L -isystem /include  -fPIC    -o CMakeFiles/cmTC_353f8.dir/CMakeCCompilerABI.c.o   -c /usr/share/cmake-3.5/Modules/CMakeCCompilerABI.c]
  ignore line: [Linking C executable cmTC_353f8]
  ignore line: [/usr/bin/cmake -E cmake_link_script CMakeFiles/cmTC_353f8.dir/link.txt --verbose=1]
  ignore line: [/home/ubuntu/NVIDIA/Drive/5050bL_SDK/DriveSDK/drive-t186ref-linux/../toolchains/tegra-4.9-nv/usr/bin/aarch64-gnu-linux/aarch64-gnu-linux-gcc  -fPIC   -L/lib-target -L/targetfs/lib/aarch64-linux-gnu -Wl,-rpath,/lib-target  -v CMakeFiles/cmTC_353f8.dir/CMakeCCompilerABI.c.o  -o cmTC_353f8 -rdynamic  ]
  ignore line: [Using built-in specs.]
  ignore line: [COLLECT_GCC=/home/ubuntu/NVIDIA/Drive/5050bL_SDK/DriveSDK/drive-t186ref-linux/../toolchains/tegra-4.9-nv/usr/bin/aarch64-gnu-linux/aarch64-gnu-linux-gcc]
  ignore line: [COLLECT_LTO_WRAPPER=/home/ubuntu/NVIDIA/Drive/5050bL_SDK/DriveSDK/toolchains/tegra-4.9-nv/usr/bin/aarch64-gnu-linux/../../libexec/aarch64-gnu-linux/gcc/aarch64-gnu-linux/4.9.2/lto-wrapper]
  ignore line: [Target: aarch64-gnu-linux]
  ignore line: [Configured with: /home/savl/mytree/yocto-layer/scripts-vib4/build/tmp/work-shared/gcc-4.9.2-r0/gcc-4.9.2/configure --build=x86_64-linux --host=i686-oesdk-linux --target=aarch64-gnu-linux --prefix=/usr/local/oecore-i686/sysroots/i686-oesdk-linux/usr --exec_prefix=/usr/local/oecore-i686/sysroots/i686-oesdk-linux/usr --bindir=/usr/local/oecore-i686/sysroots/i686-oesdk-linux/usr/bin/aarch64-gnu-linux --sbindir=/usr/local/oecore-i686/sysroots/i686-oesdk-linux/usr/bin/aarch64-gnu-linux --libexecdir=/usr/local/oecore-i686/sysroots/i686-oesdk-linux/usr/libexec/aarch64-gnu-linux --datadir=/usr/local/oecore-i686/sysroots/i686-oesdk-linux/usr/share --sysconfdir=/usr/local/oecore-i686/sysroots/i686-oesdk-linux/etc --sharedstatedir=/usr/local/oecore-i686/sysroots/i686-oesdk-linux/com --localstatedir=/usr/local/oecore-i686/sysroots/i686-oesdk-linux/var --libdir=/usr/local/oecore-i686/sysroots/i686-oesdk-linux/usr/lib/aarch64-gnu-linux --includedir=/usr/local/oecore-i686/sysroots/i686-oesdk-linux/usr/include --oldincludedir=/usr/local/oecore-i686/sysroots/i686-oesdk-linux/usr/include --infodir=/usr/local/oecore-i686/sysroots/i686-oesdk-linux/usr/share/info --mandir=/usr/local/oecore-i686/sysroots/i686-oesdk-linux/usr/share/man --disable-silent-rules --disable-dependency-tracking --with-libtool-sysroot=/home/savl/mytree/yocto-layer/scripts-vib4/build/tmp/sysroots/i686-nativesdk-oesdk-linux --with-gnu-ld --enable-shared --enable-languages=c,c++ --enable-threads=posix --enable-multilib --enable-c99 --enable-long-long --enable-symvers=gnu --enable-libstdcxx-pch --program-prefix=aarch64-gnu-linux- --without-local-prefix --enable-target-optspace --enable-lto --enable-libssp --disable-bootstrap --disable-libmudflap --with-system-zlib --with-linker-hash-style=gnu --enable-linker-build-id --with-ppl=no --with-cloog=no --enable-checking=release --enable-cheaders=c_global --with-build-time-tools=/home/savl/mytree/yocto-layer/scripts-vib4/build/tmp/sysroots/x86_64-linux/usr/aarch64-gnu-linux/bin --with-sysroot=/not/exist --with-build-sysroot=/home/savl/mytree/yocto-layer/scripts-vib4/build/tmp/sysroots/tegra-t18x --with-sysroot=/usr/local/oecore-i686/sysroots/i686-oesdk-linux/usr/sysroot --enable-poison-system-directories --with-mpfr=/home/savl/mytree/yocto-layer/scripts-vib4/build/tmp/sysroots/i686-nativesdk-oesdk-linux --with-mpc=/home/savl/mytree/yocto-layer/scripts-vib4/build/tmp/sysroots/i686-nativesdk-oesdk-linux --enable-nls --enable-__cxa_atexit]
  ignore line: [Thread model: posix]
  ignore line: [gcc version 4.9.2 (GCC) ]
  ignore line: [COMPILER_PATH=/home/ubuntu/NVIDIA/Drive/5050bL_SDK/DriveSDK/toolchains/tegra-4.9-nv/usr/bin/aarch64-gnu-linux/../../libexec/aarch64-gnu-linux/gcc/aarch64-gnu-linux/4.9.2/:/home/ubuntu/NVIDIA/Drive/5050bL_SDK/DriveSDK/toolchains/tegra-4.9-nv/usr/bin/aarch64-gnu-linux/../../libexec/aarch64-gnu-linux/gcc/]
  ignore line: [LIBRARY_PATH=/home/ubuntu/NVIDIA/Drive/5050bL_SDK/DriveSDK/toolchains/tegra-4.9-nv/usr/bin/aarch64-gnu-linux/../../lib/aarch64-gnu-linux/gcc/aarch64-gnu-linux/4.9.2/:/home/ubuntu/NVIDIA/Drive/5050bL_SDK/DriveSDK/toolchains/tegra-4.9-nv/usr/bin/aarch64-gnu-linux/../../lib/aarch64-gnu-linux/gcc/:/home/ubuntu/NVIDIA/Drive/5050bL_SDK/DriveSDK/toolchains/tegra-4.9-nv/usr/bin/aarch64-gnu-linux/../../sysroot/lib/:/home/ubuntu/NVIDIA/Drive/5050bL_SDK/DriveSDK/toolchains/tegra-4.9-nv/usr/bin/aarch64-gnu-linux/../../sysroot/usr/lib/aarch64-gnu-linux/4.9.2/:/home/ubuntu/NVIDIA/Drive/5050bL_SDK/DriveSDK/toolchains/tegra-4.9-nv/usr/bin/aarch64-gnu-linux/../../sysroot/usr/lib/]
  ignore line: [COLLECT_GCC_OPTIONS='--sysroot=/home/ubuntu/NVIDIA/Drive/5050bL_SDK/DriveSDK/toolchains/tegra-4.9-nv/usr/bin/aarch64-gnu-linux/../../sysroot' '-fPIC' '-L/lib-target' '-L/targetfs/lib/aarch64-linux-gnu' '-v' '-o' 'cmTC_353f8' '-rdynamic' '-mlittle-endian' '-mabi=lp64']
  link line: [ /home/ubuntu/NVIDIA/Drive/5050bL_SDK/DriveSDK/toolchains/tegra-4.9-nv/usr/bin/aarch64-gnu-linux/../../libexec/aarch64-gnu-linux/gcc/aarch64-gnu-linux/4.9.2/collect2 --sysroot=/home/ubuntu/NVIDIA/Drive/5050bL_SDK/DriveSDK/toolchains/tegra-4.9-nv/usr/bin/aarch64-gnu-linux/../../sysroot --build-id --eh-frame-hdr --hash-style=gnu -export-dynamic -dynamic-linker /lib/ld-linux-aarch64.so.1 -X -EL -maarch64linux -o cmTC_353f8 /home/ubuntu/NVIDIA/Drive/5050bL_SDK/DriveSDK/toolchains/tegra-4.9-nv/usr/bin/aarch64-gnu-linux/../../sysroot/usr/lib/crt1.o /home/ubuntu/NVIDIA/Drive/5050bL_SDK/DriveSDK/toolchains/tegra-4.9-nv/usr/bin/aarch64-gnu-linux/../../sysroot/usr/lib/crti.o /home/ubuntu/NVIDIA/Drive/5050bL_SDK/DriveSDK/toolchains/tegra-4.9-nv/usr/bin/aarch64-gnu-linux/../../sysroot/usr/lib/aarch64-gnu-linux/4.9.2/crtbegin.o -L/lib-target -L/targetfs/lib/aarch64-linux-gnu -L/home/ubuntu/NVIDIA/Drive/5050bL_SDK/DriveSDK/toolchains/tegra-4.9-nv/usr/bin/aarch64-gnu-linux/../../lib/aarch64-gnu-linux/gcc/aarch64-gnu-linux/4.9.2 -L/home/ubuntu/NVIDIA/Drive/5050bL_SDK/DriveSDK/toolchains/tegra-4.9-nv/usr/bin/aarch64-gnu-linux/../../lib/aarch64-gnu-linux/gcc -L/home/ubuntu/NVIDIA/Drive/5050bL_SDK/DriveSDK/toolchains/tegra-4.9-nv/usr/bin/aarch64-gnu-linux/../../sysroot/lib -L/home/ubuntu/NVIDIA/Drive/5050bL_SDK/DriveSDK/toolchains/tegra-4.9-nv/usr/bin/aarch64-gnu-linux/../../sysroot/usr/lib/aarch64-gnu-linux/4.9.2 -L/home/ubuntu/NVIDIA/Drive/5050bL_SDK/DriveSDK/toolchains/tegra-4.9-nv/usr/bin/aarch64-gnu-linux/../../sysroot/usr/lib -rpath /lib-target CMakeFiles/cmTC_353f8.dir/CMakeCCompilerABI.c.o -lgcc --as-needed -lgcc_s --no-as-needed -lc -lgcc --as-needed -lgcc_s --no-as-needed /home/ubuntu/NVIDIA/Drive/5050bL_SDK/DriveSDK/toolchains/tegra-4.9-nv/usr/bin/aarch64-gnu-linux/../../sysroot/usr/lib/aarch64-gnu-linux/4.9.2/crtend.o /home/ubuntu/NVIDIA/Drive/5050bL_SDK/DriveSDK/toolchains/tegra-4.9-nv/usr/bin/aarch64-gnu-linux/../../sysroot/usr/lib/crtn.o]
    arg [/home/ubuntu/NVIDIA/Drive/5050bL_SDK/DriveSDK/toolchains/tegra-4.9-nv/usr/bin/aarch64-gnu-linux/../../libexec/aarch64-gnu-linux/gcc/aarch64-gnu-linux/4.9.2/collect2] ==> ignore
    arg [--sysroot=/home/ubuntu/NVIDIA/Drive/5050bL_SDK/DriveSDK/toolchains/tegra-4.9-nv/usr/bin/aarch64-gnu-linux/../../sysroot] ==> ignore
    arg [--build-id] ==> ignore
    arg [--eh-frame-hdr] ==> ignore
    arg [--hash-style=gnu] ==> ignore
    arg [-export-dynamic] ==> ignore
    arg [-dynamic-linker] ==> ignore
    arg [/lib/ld-linux-aarch64.so.1] ==> ignore
    arg [-X] ==> ignore
    arg [-EL] ==> ignore
    arg [-maarch64linux] ==> ignore
    arg [-o] ==> ignore
    arg [cmTC_353f8] ==> ignore
    arg [/home/ubuntu/NVIDIA/Drive/5050bL_SDK/DriveSDK/toolchains/tegra-4.9-nv/usr/bin/aarch64-gnu-linux/../../sysroot/usr/lib/crt1.o] ==> ignore
    arg [/home/ubuntu/NVIDIA/Drive/5050bL_SDK/DriveSDK/toolchains/tegra-4.9-nv/usr/bin/aarch64-gnu-linux/../../sysroot/usr/lib/crti.o] ==> ignore
    arg [/home/ubuntu/NVIDIA/Drive/5050bL_SDK/DriveSDK/toolchains/tegra-4.9-nv/usr/bin/aarch64-gnu-linux/../../sysroot/usr/lib/aarch64-gnu-linux/4.9.2/crtbegin.o] ==> ignore
    arg [-L/lib-target] ==> dir [/lib-target]
    arg [-L/targetfs/lib/aarch64-linux-gnu] ==> dir [/targetfs/lib/aarch64-linux-gnu]
    arg [-L/home/ubuntu/NVIDIA/Drive/5050bL_SDK/DriveSDK/toolchains/tegra-4.9-nv/usr/bin/aarch64-gnu-linux/../../lib/aarch64-gnu-linux/gcc/aarch64-gnu-linux/4.9.2] ==> dir [/home/ubuntu/NVIDIA/Drive/5050bL_SDK/DriveSDK/toolchains/tegra-4.9-nv/usr/bin/aarch64-gnu-linux/../../lib/aarch64-gnu-linux/gcc/aarch64-gnu-linux/4.9.2]
    arg [-L/home/ubuntu/NVIDIA/Drive/5050bL_SDK/DriveSDK/toolchains/tegra-4.9-nv/usr/bin/aarch64-gnu-linux/../../lib/aarch64-gnu-linux/gcc] ==> dir [/home/ubuntu/NVIDIA/Drive/5050bL_SDK/DriveSDK/toolchains/tegra-4.9-nv/usr/bin/aarch64-gnu-linux/../../lib/aarch64-gnu-linux/gcc]
    arg [-L/home/ubuntu/NVIDIA/Drive/5050bL_SDK/DriveSDK/toolchains/tegra-4.9-nv/usr/bin/aarch64-gnu-linux/../../sysroot/lib] ==> dir [/home/ubuntu/NVIDIA/Drive/5050bL_SDK/DriveSDK/toolchains/tegra-4.9-nv/usr/bin/aarch64-gnu-linux/../../sysroot/lib]
    arg [-L/home/ubuntu/NVIDIA/Drive/5050bL_SDK/DriveSDK/toolchains/tegra-4.9-nv/usr/bin/aarch64-gnu-linux/../../sysroot/usr/lib/aarch64-gnu-linux/4.9.2] ==> dir [/home/ubuntu/NVIDIA/Drive/5050bL_SDK/DriveSDK/toolchains/tegra-4.9-nv/usr/bin/aarch64-gnu-linux/../../sysroot/usr/lib/aarch64-gnu-linux/4.9.2]
    arg [-L/home/ubuntu/NVIDIA/Drive/5050bL_SDK/DriveSDK/toolchains/tegra-4.9-nv/usr/bin/aarch64-gnu-linux/../../sysroot/usr/lib] ==> dir [/home/ubuntu/NVIDIA/Drive/5050bL_SDK/DriveSDK/toolchains/tegra-4.9-nv/usr/bin/aarch64-gnu-linux/../../sysroot/usr/lib]
    arg [-rpath] ==> ignore
    arg [/lib-target] ==> ignore
    arg [CMakeFiles/cmTC_353f8.dir/CMakeCCompilerABI.c.o] ==> ignore
    arg [-lgcc] ==> lib [gcc]
    arg [--as-needed] ==> ignore
    arg [-lgcc_s] ==> lib [gcc_s]
    arg [--no-as-needed] ==> ignore
    arg [-lc] ==> lib [c]
    arg [-lgcc] ==> lib [gcc]
    arg [--as-needed] ==> ignore
    arg [-lgcc_s] ==> lib [gcc_s]
    arg [--no-as-needed] ==> ignore
    arg [/home/ubuntu/NVIDIA/Drive/5050bL_SDK/DriveSDK/toolchains/tegra-4.9-nv/usr/bin/aarch64-gnu-linux/../../sysroot/usr/lib/aarch64-gnu-linux/4.9.2/crtend.o] ==> ignore
    arg [/home/ubuntu/NVIDIA/Drive/5050bL_SDK/DriveSDK/toolchains/tegra-4.9-nv/usr/bin/aarch64-gnu-linux/../../sysroot/usr/lib/crtn.o] ==> ignore
  remove lib [gcc]
  remove lib [gcc_s]
  remove lib [gcc]
  remove lib [gcc_s]
  collapse library dir [/lib-target] ==> [/lib-target]
  collapse library dir [/targetfs/lib/aarch64-linux-gnu] ==> [/targetfs/lib/aarch64-linux-gnu]
  collapse library dir [/home/ubuntu/NVIDIA/Drive/5050bL_SDK/DriveSDK/toolchains/tegra-4.9-nv/usr/bin/aarch64-gnu-linux/../../lib/aarch64-gnu-linux/gcc/aarch64-gnu-linux/4.9.2] ==> [/home/ubuntu/NVIDIA/Drive/5050bL_SDK/DriveSDK/toolchains/tegra-4.9-nv/usr/lib/aarch64-gnu-linux/gcc/aarch64-gnu-linux/4.9.2]
  collapse library dir [/home/ubuntu/NVIDIA/Drive/5050bL_SDK/DriveSDK/toolchains/tegra-4.9-nv/usr/bin/aarch64-gnu-linux/../../lib/aarch64-gnu-linux/gcc] ==> [/home/ubuntu/NVIDIA/Drive/5050bL_SDK/DriveSDK/toolchains/tegra-4.9-nv/usr/lib/aarch64-gnu-linux/gcc]
  collapse library dir [/home/ubuntu/NVIDIA/Drive/5050bL_SDK/DriveSDK/toolchains/tegra-4.9-nv/usr/bin/aarch64-gnu-linux/../../sysroot/lib] ==> [/home/ubuntu/NVIDIA/Drive/5050bL_SDK/DriveSDK/toolchains/tegra-4.9-nv/usr/sysroot/lib]
  collapse library dir [/home/ubuntu/NVIDIA/Drive/5050bL_SDK/DriveSDK/toolchains/tegra-4.9-nv/usr/bin/aarch64-gnu-linux/../../sysroot/usr/lib/aarch64-gnu-linux/4.9.2] ==> [/home/ubuntu/NVIDIA/Drive/5050bL_SDK/DriveSDK/toolchains/tegra-4.9-nv/usr/sysroot/usr/lib/aarch64-gnu-linux/4.9.2]
  collapse library dir [/home/ubuntu/NVIDIA/Drive/5050bL_SDK/DriveSDK/toolchains/tegra-4.9-nv/usr/bin/aarch64-gnu-linux/../../sysroot/usr/lib] ==> [/home/ubuntu/NVIDIA/Drive/5050bL_SDK/DriveSDK/toolchains/tegra-4.9-nv/usr/sysroot/usr/lib]
  implicit libs: [c]
  implicit dirs: [/lib-target;/targetfs/lib/aarch64-linux-gnu;/home/ubuntu/NVIDIA/Drive/5050bL_SDK/DriveSDK/toolchains/tegra-4.9-nv/usr/lib/aarch64-gnu-linux/gcc/aarch64-gnu-linux/4.9.2;/home/ubuntu/NVIDIA/Drive/5050bL_SDK/DriveSDK/toolchains/tegra-4.9-nv/usr/lib/aarch64-gnu-linux/gcc;/home/ubuntu/NVIDIA/Drive/5050bL_SDK/DriveSDK/toolchains/tegra-4.9-nv/usr/sysroot/lib;/home/ubuntu/NVIDIA/Drive/5050bL_SDK/DriveSDK/toolchains/tegra-4.9-nv/usr/sysroot/usr/lib/aarch64-gnu-linux/4.9.2;/home/ubuntu/NVIDIA/Drive/5050bL_SDK/DriveSDK/toolchains/tegra-4.9-nv/usr/sysroot/usr/lib]
  implicit fwks: []




Detecting C [-std=c11] compiler features compiled with the following output:
Change Dir: /usr/local/driveworks-0.6/PilotNet/build-target/CMakeFiles/CMakeTmp

Run Build Command:"/usr/bin/make" "cmTC_3cd64/fast"
/usr/bin/make -f CMakeFiles/cmTC_3cd64.dir/build.make CMakeFiles/cmTC_3cd64.dir/build
make[1]: Entering directory '/usr/local/driveworks-0.6/PilotNet/build-target/CMakeFiles/CMakeTmp'
Building C object CMakeFiles/cmTC_3cd64.dir/feature_tests.c.o
/home/ubuntu/NVIDIA/Drive/5050bL_SDK/DriveSDK/drive-t186ref-linux/../toolchains/tegra-4.9-nv/usr/bin/aarch64-gnu-linux/aarch64-gnu-linux-gcc  -DVIBRANTE -DVIBRANTE_V5L -isystem /include  -fPIC    -std=c11 -o CMakeFiles/cmTC_3cd64.dir/feature_tests.c.o   -c /usr/local/driveworks-0.6/PilotNet/build-target/CMakeFiles/feature_tests.c
Linking C executable cmTC_3cd64
/usr/bin/cmake -E cmake_link_script CMakeFiles/cmTC_3cd64.dir/link.txt --verbose=1
/home/ubuntu/NVIDIA/Drive/5050bL_SDK/DriveSDK/drive-t186ref-linux/../toolchains/tegra-4.9-nv/usr/bin/aarch64-gnu-linux/aarch64-gnu-linux-gcc  -fPIC   -L/lib-target -L/targetfs/lib/aarch64-linux-gnu -Wl,-rpath,/lib-target   CMakeFiles/cmTC_3cd64.dir/feature_tests.c.o  -o cmTC_3cd64 -rdynamic 
make[1]: Leaving directory '/usr/local/driveworks-0.6/PilotNet/build-target/CMakeFiles/CMakeTmp'


    Feature record: C_FEATURE:1c_function_prototypes
    Feature record: C_FEATURE:1c_restrict
    Feature record: C_FEATURE:1c_static_assert
    Feature record: C_FEATURE:1c_variadic_macros


Detecting C [-std=c99] compiler features compiled with the following output:
Change Dir: /usr/local/driveworks-0.6/PilotNet/build-target/CMakeFiles/CMakeTmp

Run Build Command:"/usr/bin/make" "cmTC_0b393/fast"
/usr/bin/make -f CMakeFiles/cmTC_0b393.dir/build.make CMakeFiles/cmTC_0b393.dir/build
make[1]: Entering directory '/usr/local/driveworks-0.6/PilotNet/build-target/CMakeFiles/CMakeTmp'
Building C object CMakeFiles/cmTC_0b393.dir/feature_tests.c.o
/home/ubuntu/NVIDIA/Drive/5050bL_SDK/DriveSDK/drive-t186ref-linux/../toolchains/tegra-4.9-nv/usr/bin/aarch64-gnu-linux/aarch64-gnu-linux-gcc  -DVIBRANTE -DVIBRANTE_V5L -isystem /include  -fPIC    -std=c99 -o CMakeFiles/cmTC_0b393.dir/feature_tests.c.o   -c /usr/local/driveworks-0.6/PilotNet/build-target/CMakeFiles/feature_tests.c
Linking C executable cmTC_0b393
/usr/bin/cmake -E cmake_link_script CMakeFiles/cmTC_0b393.dir/link.txt --verbose=1
/home/ubuntu/NVIDIA/Drive/5050bL_SDK/DriveSDK/drive-t186ref-linux/../toolchains/tegra-4.9-nv/usr/bin/aarch64-gnu-linux/aarch64-gnu-linux-gcc  -fPIC   -L/lib-target -L/targetfs/lib/aarch64-linux-gnu -Wl,-rpath,/lib-target   CMakeFiles/cmTC_0b393.dir/feature_tests.c.o  -o cmTC_0b393 -rdynamic 
make[1]: Leaving directory '/usr/local/driveworks-0.6/PilotNet/build-target/CMakeFiles/CMakeTmp'


    Feature record: C_FEATURE:1c_function_prototypes
    Feature record: C_FEATURE:1c_restrict
    Feature record: C_FEATURE:0c_static_assert
    Feature record: C_FEATURE:1c_variadic_macros


Detecting C [-std=c90] compiler features compiled with the following output:
Change Dir: /usr/local/driveworks-0.6/PilotNet/build-target/CMakeFiles/CMakeTmp

Run Build Command:"/usr/bin/make" "cmTC_6c39a/fast"
/usr/bin/make -f CMakeFiles/cmTC_6c39a.dir/build.make CMakeFiles/cmTC_6c39a.dir/build
make[1]: Entering directory '/usr/local/driveworks-0.6/PilotNet/build-target/CMakeFiles/CMakeTmp'
Building C object CMakeFiles/cmTC_6c39a.dir/feature_tests.c.o
/home/ubuntu/NVIDIA/Drive/5050bL_SDK/DriveSDK/drive-t186ref-linux/../toolchains/tegra-4.9-nv/usr/bin/aarch64-gnu-linux/aarch64-gnu-linux-gcc  -DVIBRANTE -DVIBRANTE_V5L -isystem /include  -fPIC    -std=c90 -o CMakeFiles/cmTC_6c39a.dir/feature_tests.c.o   -c /usr/local/driveworks-0.6/PilotNet/build-target/CMakeFiles/feature_tests.c
Linking C executable cmTC_6c39a
/usr/bin/cmake -E cmake_link_script CMakeFiles/cmTC_6c39a.dir/link.txt --verbose=1
/home/ubuntu/NVIDIA/Drive/5050bL_SDK/DriveSDK/drive-t186ref-linux/../toolchains/tegra-4.9-nv/usr/bin/aarch64-gnu-linux/aarch64-gnu-linux-gcc  -fPIC   -L/lib-target -L/targetfs/lib/aarch64-linux-gnu -Wl,-rpath,/lib-target   CMakeFiles/cmTC_6c39a.dir/feature_tests.c.o  -o cmTC_6c39a -rdynamic 
make[1]: Leaving directory '/usr/local/driveworks-0.6/PilotNet/build-target/CMakeFiles/CMakeTmp'


    Feature record: C_FEATURE:1c_function_prototypes
    Feature record: C_FEATURE:0c_restrict
    Feature record: C_FEATURE:0c_static_assert
    Feature record: C_FEATURE:0c_variadic_macros
Determining if the CXX compiler works passed with the following output:
Change Dir: /usr/local/driveworks-0.6/PilotNet/build-target/CMakeFiles/CMakeTmp

Run Build Command:"/usr/bin/make" "cmTC_95e68/fast"
/usr/bin/make -f CMakeFiles/cmTC_95e68.dir/build.make CMakeFiles/cmTC_95e68.dir/build
make[1]: Entering directory '/usr/local/driveworks-0.6/PilotNet/build-target/CMakeFiles/CMakeTmp'
Building CXX object CMakeFiles/cmTC_95e68.dir/testCXXCompiler.cxx.o
/home/ubuntu/NVIDIA/Drive/5050bL_SDK/DriveSDK/drive-t186ref-linux/../toolchains/tegra-4.9-nv/usr/bin/aarch64-gnu-linux/aarch64-gnu-linux-g++   -DVIBRANTE -DVIBRANTE_V5L -isystem /include  -fPIC    -o CMakeFiles/cmTC_95e68.dir/testCXXCompiler.cxx.o -c /usr/local/driveworks-0.6/PilotNet/build-target/CMakeFiles/CMakeTmp/testCXXCompiler.cxx
Linking CXX executable cmTC_95e68
/usr/bin/cmake -E cmake_link_script CMakeFiles/cmTC_95e68.dir/link.txt --verbose=1
/home/ubuntu/NVIDIA/Drive/5050bL_SDK/DriveSDK/drive-t186ref-linux/../toolchains/tegra-4.9-nv/usr/bin/aarch64-gnu-linux/aarch64-gnu-linux-g++   -fPIC   -L/lib-target -L/targetfs/lib/aarch64-linux-gnu -Wl,-rpath,/lib-target   CMakeFiles/cmTC_95e68.dir/testCXXCompiler.cxx.o  -o cmTC_95e68 -rdynamic 
make[1]: Leaving directory '/usr/local/driveworks-0.6/PilotNet/build-target/CMakeFiles/CMakeTmp'


Detecting CXX compiler ABI info compiled with the following output:
Change Dir: /usr/local/driveworks-0.6/PilotNet/build-target/CMakeFiles/CMakeTmp

Run Build Command:"/usr/bin/make" "cmTC_4c924/fast"
/usr/bin/make -f CMakeFiles/cmTC_4c924.dir/build.make CMakeFiles/cmTC_4c924.dir/build
make[1]: Entering directory '/usr/local/driveworks-0.6/PilotNet/build-target/CMakeFiles/CMakeTmp'
Building CXX object CMakeFiles/cmTC_4c924.dir/CMakeCXXCompilerABI.cpp.o
/home/ubuntu/NVIDIA/Drive/5050bL_SDK/DriveSDK/drive-t186ref-linux/../toolchains/tegra-4.9-nv/usr/bin/aarch64-gnu-linux/aarch64-gnu-linux-g++   -DVIBRANTE -DVIBRANTE_V5L -isystem /include  -fPIC    -o CMakeFiles/cmTC_4c924.dir/CMakeCXXCompilerABI.cpp.o -c /usr/share/cmake-3.5/Modules/CMakeCXXCompilerABI.cpp
Linking CXX executable cmTC_4c924
/usr/bin/cmake -E cmake_link_script CMakeFiles/cmTC_4c924.dir/link.txt --verbose=1
/home/ubuntu/NVIDIA/Drive/5050bL_SDK/DriveSDK/drive-t186ref-linux/../toolchains/tegra-4.9-nv/usr/bin/aarch64-gnu-linux/aarch64-gnu-linux-g++   -fPIC   -L/lib-target -L/targetfs/lib/aarch64-linux-gnu -Wl,-rpath,/lib-target  -v CMakeFiles/cmTC_4c924.dir/CMakeCXXCompilerABI.cpp.o  -o cmTC_4c924 -rdynamic  
Using built-in specs.
COLLECT_GCC=/home/ubuntu/NVIDIA/Drive/5050bL_SDK/DriveSDK/drive-t186ref-linux/../toolchains/tegra-4.9-nv/usr/bin/aarch64-gnu-linux/aarch64-gnu-linux-g++
COLLECT_LTO_WRAPPER=/home/ubuntu/NVIDIA/Drive/5050bL_SDK/DriveSDK/toolchains/tegra-4.9-nv/usr/bin/aarch64-gnu-linux/../../libexec/aarch64-gnu-linux/gcc/aarch64-gnu-linux/4.9.2/lto-wrapper
Target: aarch64-gnu-linux
Configured with: /home/savl/mytree/yocto-layer/scripts-vib4/build/tmp/work-shared/gcc-4.9.2-r0/gcc-4.9.2/configure --build=x86_64-linux --host=i686-oesdk-linux --target=aarch64-gnu-linux --prefix=/usr/local/oecore-i686/sysroots/i686-oesdk-linux/usr --exec_prefix=/usr/local/oecore-i686/sysroots/i686-oesdk-linux/usr --bindir=/usr/local/oecore-i686/sysroots/i686-oesdk-linux/usr/bin/aarch64-gnu-linux --sbindir=/usr/local/oecore-i686/sysroots/i686-oesdk-linux/usr/bin/aarch64-gnu-linux --libexecdir=/usr/local/oecore-i686/sysroots/i686-oesdk-linux/usr/libexec/aarch64-gnu-linux --datadir=/usr/local/oecore-i686/sysroots/i686-oesdk-linux/usr/share --sysconfdir=/usr/local/oecore-i686/sysroots/i686-oesdk-linux/etc --sharedstatedir=/usr/local/oecore-i686/sysroots/i686-oesdk-linux/com --localstatedir=/usr/local/oecore-i686/sysroots/i686-oesdk-linux/var --libdir=/usr/local/oecore-i686/sysroots/i686-oesdk-linux/usr/lib/aarch64-gnu-linux --includedir=/usr/local/oecore-i686/sysroots/i686-oesdk-linux/usr/include --oldincludedir=/usr/local/oecore-i686/sysroots/i686-oesdk-linux/usr/include --infodir=/usr/local/oecore-i686/sysroots/i686-oesdk-linux/usr/share/info --mandir=/usr/local/oecore-i686/sysroots/i686-oesdk-linux/usr/share/man --disable-silent-rules --disable-dependency-tracking --with-libtool-sysroot=/home/savl/mytree/yocto-layer/scripts-vib4/build/tmp/sysroots/i686-nativesdk-oesdk-linux --with-gnu-ld --enable-shared --enable-languages=c,c++ --enable-threads=posix --enable-multilib --enable-c99 --enable-long-long --enable-symvers=gnu --enable-libstdcxx-pch --program-prefix=aarch64-gnu-linux- --without-local-prefix --enable-target-optspace --enable-lto --enable-libssp --disable-bootstrap --disable-libmudflap --with-system-zlib --with-linker-hash-style=gnu --enable-linker-build-id --with-ppl=no --with-cloog=no --enable-checking=release --enable-cheaders=c_global --with-build-time-tools=/home/savl/mytree/yocto-layer/scripts-vib4/build/tmp/sysroots/x86_64-linux/usr/aarch64-gnu-linux/bin --with-sysroot=/not/exist --with-build-sysroot=/home/savl/mytree/yocto-layer/scripts-vib4/build/tmp/sysroots/tegra-t18x --with-sysroot=/usr/local/oecore-i686/sysroots/i686-oesdk-linux/usr/sysroot --enable-poison-system-directories --with-mpfr=/home/savl/mytree/yocto-layer/scripts-vib4/build/tmp/sysroots/i686-nativesdk-oesdk-linux --with-mpc=/home/savl/mytree/yocto-layer/scripts-vib4/build/tmp/sysroots/i686-nativesdk-oesdk-linux --enable-nls --enable-__cxa_atexit
Thread model: posix
gcc version 4.9.2 (GCC) 
COMPILER_PATH=/home/ubuntu/NVIDIA/Drive/5050bL_SDK/DriveSDK/toolchains/tegra-4.9-nv/usr/bin/aarch64-gnu-linux/../../libexec/aarch64-gnu-linux/gcc/aarch64-gnu-linux/4.9.2/:/home/ubuntu/NVIDIA/Drive/5050bL_SDK/DriveSDK/toolchains/tegra-4.9-nv/usr/bin/aarch64-gnu-linux/../../libexec/aarch64-gnu-linux/gcc/
LIBRARY_PATH=/home/ubuntu/NVIDIA/Drive/5050bL_SDK/DriveSDK/toolchains/tegra-4.9-nv/usr/bin/aarch64-gnu-linux/../../lib/aarch64-gnu-linux/gcc/aarch64-gnu-linux/4.9.2/:/home/ubuntu/NVIDIA/Drive/5050bL_SDK/DriveSDK/toolchains/tegra-4.9-nv/usr/bin/aarch64-gnu-linux/../../lib/aarch64-gnu-linux/gcc/:/home/ubuntu/NVIDIA/Drive/5050bL_SDK/DriveSDK/toolchains/tegra-4.9-nv/usr/bin/aarch64-gnu-linux/../../sysroot/lib/:/home/ubuntu/NVIDIA/Drive/5050bL_SDK/DriveSDK/toolchains/tegra-4.9-nv/usr/bin/aarch64-gnu-linux/../../sysroot/usr/lib/aarch64-gnu-linux/4.9.2/:/home/ubuntu/NVIDIA/Drive/5050bL_SDK/DriveSDK/toolchains/tegra-4.9-nv/usr/bin/aarch64-gnu-linux/../../sysroot/usr/lib/
COLLECT_GCC_OPTIONS='--sysroot=/home/ubuntu/NVIDIA/Drive/5050bL_SDK/DriveSDK/toolchains/tegra-4.9-nv/usr/bin/aarch64-gnu-linux/../../sysroot' '-fPIC' '-L/lib-target' '-L/targetfs/lib/aarch64-linux-gnu' '-v' '-o' 'cmTC_4c924' '-rdynamic' '-shared-libgcc' '-mlittle-endian' '-mabi=lp64'
 /home/ubuntu/NVIDIA/Drive/5050bL_SDK/DriveSDK/toolchains/tegra-4.9-nv/usr/bin/aarch64-gnu-linux/../../libexec/aarch64-gnu-linux/gcc/aarch64-gnu-linux/4.9.2/collect2 --sysroot=/home/ubuntu/NVIDIA/Drive/5050bL_SDK/DriveSDK/toolchains/tegra-4.9-nv/usr/bin/aarch64-gnu-linux/../../sysroot --build-id --eh-frame-hdr --hash-style=gnu -export-dynamic -dynamic-linker /lib/ld-linux-aarch64.so.1 -X -EL -maarch64linux -o cmTC_4c924 /home/ubuntu/NVIDIA/Drive/5050bL_SDK/DriveSDK/toolchains/tegra-4.9-nv/usr/bin/aarch64-gnu-linux/../../sysroot/usr/lib/crt1.o /home/ubuntu/NVIDIA/Drive/5050bL_SDK/DriveSDK/toolchains/tegra-4.9-nv/usr/bin/aarch64-gnu-linux/../../sysroot/usr/lib/crti.o /home/ubuntu/NVIDIA/Drive/5050bL_SDK/DriveSDK/toolchains/tegra-4.9-nv/usr/bin/aarch64-gnu-linux/../../sysroot/usr/lib/aarch64-gnu-linux/4.9.2/crtbegin.o -L/lib-target -L/targetfs/lib/aarch64-linux-gnu -L/home/ubuntu/NVIDIA/Drive/5050bL_SDK/DriveSDK/toolchains/tegra-4.9-nv/usr/bin/aarch64-gnu-linux/../../lib/aarch64-gnu-linux/gcc/aarch64-gnu-linux/4.9.2 -L/home/ubuntu/NVIDIA/Drive/5050bL_SDK/DriveSDK/toolchains/tegra-4.9-nv/usr/bin/aarch64-gnu-linux/../../lib/aarch64-gnu-linux/gcc -L/home/ubuntu/NVIDIA/Drive/5050bL_SDK/DriveSDK/toolchains/tegra-4.9-nv/usr/bin/aarch64-gnu-linux/../../sysroot/lib -L/home/ubuntu/NVIDIA/Drive/5050bL_SDK/DriveSDK/toolchains/tegra-4.9-nv/usr/bin/aarch64-gnu-linux/../../sysroot/usr/lib/aarch64-gnu-linux/4.9.2 -L/home/ubuntu/NVIDIA/Drive/5050bL_SDK/DriveSDK/toolchains/tegra-4.9-nv/usr/bin/aarch64-gnu-linux/../../sysroot/usr/lib -rpath /lib-target CMakeFiles/cmTC_4c924.dir/CMakeCXXCompilerABI.cpp.o -lstdc++ -lm -lgcc_s -lgcc -lc -lgcc_s -lgcc /home/ubuntu/NVIDIA/Drive/5050bL_SDK/DriveSDK/toolchains/tegra-4.9-nv/usr/bin/aarch64-gnu-linux/../../sysroot/usr/lib/aarch64-gnu-linux/4.9.2/crtend.o /home/ubuntu/NVIDIA/Drive/5050bL_SDK/DriveSDK/toolchains/tegra-4.9-nv/usr/bin/aarch64-gnu-linux/../../sysroot/usr/lib/crtn.o
make[1]: Leaving directory '/usr/local/driveworks-0.6/PilotNet/build-target/CMakeFiles/CMakeTmp'


Parsed CXX implicit link information from above output:
  link line regex: [^( *|.*[/\])(aarch64-gnu-linux-ld|([^/\]+-)?ld|collect2)[^/\]*( |$)]
  ignore line: [Change Dir: /usr/local/driveworks-0.6/PilotNet/build-target/CMakeFiles/CMakeTmp]
  ignore line: []
  ignore line: [Run Build Command:"/usr/bin/make" "cmTC_4c924/fast"]
  ignore line: [/usr/bin/make -f CMakeFiles/cmTC_4c924.dir/build.make CMakeFiles/cmTC_4c924.dir/build]
  ignore line: [make[1]: Entering directory '/usr/local/driveworks-0.6/PilotNet/build-target/CMakeFiles/CMakeTmp']
  ignore line: [Building CXX object CMakeFiles/cmTC_4c924.dir/CMakeCXXCompilerABI.cpp.o]
  ignore line: [/home/ubuntu/NVIDIA/Drive/5050bL_SDK/DriveSDK/drive-t186ref-linux/../toolchains/tegra-4.9-nv/usr/bin/aarch64-gnu-linux/aarch64-gnu-linux-g++   -DVIBRANTE -DVIBRANTE_V5L -isystem /include  -fPIC    -o CMakeFiles/cmTC_4c924.dir/CMakeCXXCompilerABI.cpp.o -c /usr/share/cmake-3.5/Modules/CMakeCXXCompilerABI.cpp]
  ignore line: [Linking CXX executable cmTC_4c924]
  ignore line: [/usr/bin/cmake -E cmake_link_script CMakeFiles/cmTC_4c924.dir/link.txt --verbose=1]
  ignore line: [/home/ubuntu/NVIDIA/Drive/5050bL_SDK/DriveSDK/drive-t186ref-linux/../toolchains/tegra-4.9-nv/usr/bin/aarch64-gnu-linux/aarch64-gnu-linux-g++   -fPIC   -L/lib-target -L/targetfs/lib/aarch64-linux-gnu -Wl,-rpath,/lib-target  -v CMakeFiles/cmTC_4c924.dir/CMakeCXXCompilerABI.cpp.o  -o cmTC_4c924 -rdynamic  ]
  ignore line: [Using built-in specs.]
  ignore line: [COLLECT_GCC=/home/ubuntu/NVIDIA/Drive/5050bL_SDK/DriveSDK/drive-t186ref-linux/../toolchains/tegra-4.9-nv/usr/bin/aarch64-gnu-linux/aarch64-gnu-linux-g++]
  ignore line: [COLLECT_LTO_WRAPPER=/home/ubuntu/NVIDIA/Drive/5050bL_SDK/DriveSDK/toolchains/tegra-4.9-nv/usr/bin/aarch64-gnu-linux/../../libexec/aarch64-gnu-linux/gcc/aarch64-gnu-linux/4.9.2/lto-wrapper]
  ignore line: [Target: aarch64-gnu-linux]
  ignore line: [Configured with: /home/savl/mytree/yocto-layer/scripts-vib4/build/tmp/work-shared/gcc-4.9.2-r0/gcc-4.9.2/configure --build=x86_64-linux --host=i686-oesdk-linux --target=aarch64-gnu-linux --prefix=/usr/local/oecore-i686/sysroots/i686-oesdk-linux/usr --exec_prefix=/usr/local/oecore-i686/sysroots/i686-oesdk-linux/usr --bindir=/usr/local/oecore-i686/sysroots/i686-oesdk-linux/usr/bin/aarch64-gnu-linux --sbindir=/usr/local/oecore-i686/sysroots/i686-oesdk-linux/usr/bin/aarch64-gnu-linux --libexecdir=/usr/local/oecore-i686/sysroots/i686-oesdk-linux/usr/libexec/aarch64-gnu-linux --datadir=/usr/local/oecore-i686/sysroots/i686-oesdk-linux/usr/share --sysconfdir=/usr/local/oecore-i686/sysroots/i686-oesdk-linux/etc --sharedstatedir=/usr/local/oecore-i686/sysroots/i686-oesdk-linux/com --localstatedir=/usr/local/oecore-i686/sysroots/i686-oesdk-linux/var --libdir=/usr/local/oecore-i686/sysroots/i686-oesdk-linux/usr/lib/aarch64-gnu-linux --includedir=/usr/local/oecore-i686/sysroots/i686-oesdk-linux/usr/include --oldincludedir=/usr/local/oecore-i686/sysroots/i686-oesdk-linux/usr/include --infodir=/usr/local/oecore-i686/sysroots/i686-oesdk-linux/usr/share/info --mandir=/usr/local/oecore-i686/sysroots/i686-oesdk-linux/usr/share/man --disable-silent-rules --disable-dependency-tracking --with-libtool-sysroot=/home/savl/mytree/yocto-layer/scripts-vib4/build/tmp/sysroots/i686-nativesdk-oesdk-linux --with-gnu-ld --enable-shared --enable-languages=c,c++ --enable-threads=posix --enable-multilib --enable-c99 --enable-long-long --enable-symvers=gnu --enable-libstdcxx-pch --program-prefix=aarch64-gnu-linux- --without-local-prefix --enable-target-optspace --enable-lto --enable-libssp --disable-bootstrap --disable-libmudflap --with-system-zlib --with-linker-hash-style=gnu --enable-linker-build-id --with-ppl=no --with-cloog=no --enable-checking=release --enable-cheaders=c_global --with-build-time-tools=/home/savl/mytree/yocto-layer/scripts-vib4/build/tmp/sysroots/x86_64-linux/usr/aarch64-gnu-linux/bin --with-sysroot=/not/exist --with-build-sysroot=/home/savl/mytree/yocto-layer/scripts-vib4/build/tmp/sysroots/tegra-t18x --with-sysroot=/usr/local/oecore-i686/sysroots/i686-oesdk-linux/usr/sysroot --enable-poison-system-directories --with-mpfr=/home/savl/mytree/yocto-layer/scripts-vib4/build/tmp/sysroots/i686-nativesdk-oesdk-linux --with-mpc=/home/savl/mytree/yocto-layer/scripts-vib4/build/tmp/sysroots/i686-nativesdk-oesdk-linux --enable-nls --enable-__cxa_atexit]
  ignore line: [Thread model: posix]
  ignore line: [gcc version 4.9.2 (GCC) ]
  ignore line: [COMPILER_PATH=/home/ubuntu/NVIDIA/Drive/5050bL_SDK/DriveSDK/toolchains/tegra-4.9-nv/usr/bin/aarch64-gnu-linux/../../libexec/aarch64-gnu-linux/gcc/aarch64-gnu-linux/4.9.2/:/home/ubuntu/NVIDIA/Drive/5050bL_SDK/DriveSDK/toolchains/tegra-4.9-nv/usr/bin/aarch64-gnu-linux/../../libexec/aarch64-gnu-linux/gcc/]
  ignore line: [LIBRARY_PATH=/home/ubuntu/NVIDIA/Drive/5050bL_SDK/DriveSDK/toolchains/tegra-4.9-nv/usr/bin/aarch64-gnu-linux/../../lib/aarch64-gnu-linux/gcc/aarch64-gnu-linux/4.9.2/:/home/ubuntu/NVIDIA/Drive/5050bL_SDK/DriveSDK/toolchains/tegra-4.9-nv/usr/bin/aarch64-gnu-linux/../../lib/aarch64-gnu-linux/gcc/:/home/ubuntu/NVIDIA/Drive/5050bL_SDK/DriveSDK/toolchains/tegra-4.9-nv/usr/bin/aarch64-gnu-linux/../../sysroot/lib/:/home/ubuntu/NVIDIA/Drive/5050bL_SDK/DriveSDK/toolchains/tegra-4.9-nv/usr/bin/aarch64-gnu-linux/../../sysroot/usr/lib/aarch64-gnu-linux/4.9.2/:/home/ubuntu/NVIDIA/Drive/5050bL_SDK/DriveSDK/toolchains/tegra-4.9-nv/usr/bin/aarch64-gnu-linux/../../sysroot/usr/lib/]
  ignore line: [COLLECT_GCC_OPTIONS='--sysroot=/home/ubuntu/NVIDIA/Drive/5050bL_SDK/DriveSDK/toolchains/tegra-4.9-nv/usr/bin/aarch64-gnu-linux/../../sysroot' '-fPIC' '-L/lib-target' '-L/targetfs/lib/aarch64-linux-gnu' '-v' '-o' 'cmTC_4c924' '-rdynamic' '-shared-libgcc' '-mlittle-endian' '-mabi=lp64']
  link line: [ /home/ubuntu/NVIDIA/Drive/5050bL_SDK/DriveSDK/toolchains/tegra-4.9-nv/usr/bin/aarch64-gnu-linux/../../libexec/aarch64-gnu-linux/gcc/aarch64-gnu-linux/4.9.2/collect2 --sysroot=/home/ubuntu/NVIDIA/Drive/5050bL_SDK/DriveSDK/toolchains/tegra-4.9-nv/usr/bin/aarch64-gnu-linux/../../sysroot --build-id --eh-frame-hdr --hash-style=gnu -export-dynamic -dynamic-linker /lib/ld-linux-aarch64.so.1 -X -EL -maarch64linux -o cmTC_4c924 /home/ubuntu/NVIDIA/Drive/5050bL_SDK/DriveSDK/toolchains/tegra-4.9-nv/usr/bin/aarch64-gnu-linux/../../sysroot/usr/lib/crt1.o /home/ubuntu/NVIDIA/Drive/5050bL_SDK/DriveSDK/toolchains/tegra-4.9-nv/usr/bin/aarch64-gnu-linux/../../sysroot/usr/lib/crti.o /home/ubuntu/NVIDIA/Drive/5050bL_SDK/DriveSDK/toolchains/tegra-4.9-nv/usr/bin/aarch64-gnu-linux/../../sysroot/usr/lib/aarch64-gnu-linux/4.9.2/crtbegin.o -L/lib-target -L/targetfs/lib/aarch64-linux-gnu -L/home/ubuntu/NVIDIA/Drive/5050bL_SDK/DriveSDK/toolchains/tegra-4.9-nv/usr/bin/aarch64-gnu-linux/../../lib/aarch64-gnu-linux/gcc/aarch64-gnu-linux/4.9.2 -L/home/ubuntu/NVIDIA/Drive/5050bL_SDK/DriveSDK/toolchains/tegra-4.9-nv/usr/bin/aarch64-gnu-linux/../../lib/aarch64-gnu-linux/gcc -L/home/ubuntu/NVIDIA/Drive/5050bL_SDK/DriveSDK/toolchains/tegra-4.9-nv/usr/bin/aarch64-gnu-linux/../../sysroot/lib -L/home/ubuntu/NVIDIA/Drive/5050bL_SDK/DriveSDK/toolchains/tegra-4.9-nv/usr/bin/aarch64-gnu-linux/../../sysroot/usr/lib/aarch64-gnu-linux/4.9.2 -L/home/ubuntu/NVIDIA/Drive/5050bL_SDK/DriveSDK/toolchains/tegra-4.9-nv/usr/bin/aarch64-gnu-linux/../../sysroot/usr/lib -rpath /lib-target CMakeFiles/cmTC_4c924.dir/CMakeCXXCompilerABI.cpp.o -lstdc++ -lm -lgcc_s -lgcc -lc -lgcc_s -lgcc /home/ubuntu/NVIDIA/Drive/5050bL_SDK/DriveSDK/toolchains/tegra-4.9-nv/usr/bin/aarch64-gnu-linux/../../sysroot/usr/lib/aarch64-gnu-linux/4.9.2/crtend.o /home/ubuntu/NVIDIA/Drive/5050bL_SDK/DriveSDK/toolchains/tegra-4.9-nv/usr/bin/aarch64-gnu-linux/../../sysroot/usr/lib/crtn.o]
    arg [/home/ubuntu/NVIDIA/Drive/5050bL_SDK/DriveSDK/toolchains/tegra-4.9-nv/usr/bin/aarch64-gnu-linux/../../libexec/aarch64-gnu-linux/gcc/aarch64-gnu-linux/4.9.2/collect2] ==> ignore
    arg [--sysroot=/home/ubuntu/NVIDIA/Drive/5050bL_SDK/DriveSDK/toolchains/tegra-4.9-nv/usr/bin/aarch64-gnu-linux/../../sysroot] ==> ignore
    arg [--build-id] ==> ignore
    arg [--eh-frame-hdr] ==> ignore
    arg [--hash-style=gnu] ==> ignore
    arg [-export-dynamic] ==> ignore
    arg [-dynamic-linker] ==> ignore
    arg [/lib/ld-linux-aarch64.so.1] ==> ignore
    arg [-X] ==> ignore
    arg [-EL] ==> ignore
    arg [-maarch64linux] ==> ignore
    arg [-o] ==> ignore
    arg [cmTC_4c924] ==> ignore
    arg [/home/ubuntu/NVIDIA/Drive/5050bL_SDK/DriveSDK/toolchains/tegra-4.9-nv/usr/bin/aarch64-gnu-linux/../../sysroot/usr/lib/crt1.o] ==> ignore
    arg [/home/ubuntu/NVIDIA/Drive/5050bL_SDK/DriveSDK/toolchains/tegra-4.9-nv/usr/bin/aarch64-gnu-linux/../../sysroot/usr/lib/crti.o] ==> ignore
    arg [/home/ubuntu/NVIDIA/Drive/5050bL_SDK/DriveSDK/toolchains/tegra-4.9-nv/usr/bin/aarch64-gnu-linux/../../sysroot/usr/lib/aarch64-gnu-linux/4.9.2/crtbegin.o] ==> ignore
    arg [-L/lib-target] ==> dir [/lib-target]
    arg [-L/targetfs/lib/aarch64-linux-gnu] ==> dir [/targetfs/lib/aarch64-linux-gnu]
    arg [-L/home/ubuntu/NVIDIA/Drive/5050bL_SDK/DriveSDK/toolchains/tegra-4.9-nv/usr/bin/aarch64-gnu-linux/../../lib/aarch64-gnu-linux/gcc/aarch64-gnu-linux/4.9.2] ==> dir [/home/ubuntu/NVIDIA/Drive/5050bL_SDK/DriveSDK/toolchains/tegra-4.9-nv/usr/bin/aarch64-gnu-linux/../../lib/aarch64-gnu-linux/gcc/aarch64-gnu-linux/4.9.2]
    arg [-L/home/ubuntu/NVIDIA/Drive/5050bL_SDK/DriveSDK/toolchains/tegra-4.9-nv/usr/bin/aarch64-gnu-linux/../../lib/aarch64-gnu-linux/gcc] ==> dir [/home/ubuntu/NVIDIA/Drive/5050bL_SDK/DriveSDK/toolchains/tegra-4.9-nv/usr/bin/aarch64-gnu-linux/../../lib/aarch64-gnu-linux/gcc]
    arg [-L/home/ubuntu/NVIDIA/Drive/5050bL_SDK/DriveSDK/toolchains/tegra-4.9-nv/usr/bin/aarch64-gnu-linux/../../sysroot/lib] ==> dir [/home/ubuntu/NVIDIA/Drive/5050bL_SDK/DriveSDK/toolchains/tegra-4.9-nv/usr/bin/aarch64-gnu-linux/../../sysroot/lib]
    arg [-L/home/ubuntu/NVIDIA/Drive/5050bL_SDK/DriveSDK/toolchains/tegra-4.9-nv/usr/bin/aarch64-gnu-linux/../../sysroot/usr/lib/aarch64-gnu-linux/4.9.2] ==> dir [/home/ubuntu/NVIDIA/Drive/5050bL_SDK/DriveSDK/toolchains/tegra-4.9-nv/usr/bin/aarch64-gnu-linux/../../sysroot/usr/lib/aarch64-gnu-linux/4.9.2]
    arg [-L/home/ubuntu/NVIDIA/Drive/5050bL_SDK/DriveSDK/toolchains/tegra-4.9-nv/usr/bin/aarch64-gnu-linux/../../sysroot/usr/lib] ==> dir [/home/ubuntu/NVIDIA/Drive/5050bL_SDK/DriveSDK/toolchains/tegra-4.9-nv/usr/bin/aarch64-gnu-linux/../../sysroot/usr/lib]
    arg [-rpath] ==> ignore
    arg [/lib-target] ==> ignore
    arg [CMakeFiles/cmTC_4c924.dir/CMakeCXXCompilerABI.cpp.o] ==> ignore
    arg [-lstdc++] ==> lib [stdc++]
    arg [-lm] ==> lib [m]
    arg [-lgcc_s] ==> lib [gcc_s]
    arg [-lgcc] ==> lib [gcc]
    arg [-lc] ==> lib [c]
    arg [-lgcc_s] ==> lib [gcc_s]
    arg [-lgcc] ==> lib [gcc]
    arg [/home/ubuntu/NVIDIA/Drive/5050bL_SDK/DriveSDK/toolchains/tegra-4.9-nv/usr/bin/aarch64-gnu-linux/../../sysroot/usr/lib/aarch64-gnu-linux/4.9.2/crtend.o] ==> ignore
    arg [/home/ubuntu/NVIDIA/Drive/5050bL_SDK/DriveSDK/toolchains/tegra-4.9-nv/usr/bin/aarch64-gnu-linux/../../sysroot/usr/lib/crtn.o] ==> ignore
  remove lib [gcc_s]
  remove lib [gcc]
  remove lib [gcc_s]
  remove lib [gcc]
  collapse library dir [/lib-target] ==> [/lib-target]
  collapse library dir [/targetfs/lib/aarch64-linux-gnu] ==> [/targetfs/lib/aarch64-linux-gnu]
  collapse library dir [/home/ubuntu/NVIDIA/Drive/5050bL_SDK/DriveSDK/toolchains/tegra-4.9-nv/usr/bin/aarch64-gnu-linux/../../lib/aarch64-gnu-linux/gcc/aarch64-gnu-linux/4.9.2] ==> [/home/ubuntu/NVIDIA/Drive/5050bL_SDK/DriveSDK/toolchains/tegra-4.9-nv/usr/lib/aarch64-gnu-linux/gcc/aarch64-gnu-linux/4.9.2]
  collapse library dir [/home/ubuntu/NVIDIA/Drive/5050bL_SDK/DriveSDK/toolchains/tegra-4.9-nv/usr/bin/aarch64-gnu-linux/../../lib/aarch64-gnu-linux/gcc] ==> [/home/ubuntu/NVIDIA/Drive/5050bL_SDK/DriveSDK/toolchains/tegra-4.9-nv/usr/lib/aarch64-gnu-linux/gcc]
  collapse library dir [/home/ubuntu/NVIDIA/Drive/5050bL_SDK/DriveSDK/toolchains/tegra-4.9-nv/usr/bin/aarch64-gnu-linux/../../sysroot/lib] ==> [/home/ubuntu/NVIDIA/Drive/5050bL_SDK/DriveSDK/toolchains/tegra-4.9-nv/usr/sysroot/lib]
  collapse library dir [/home/ubuntu/NVIDIA/Drive/5050bL_SDK/DriveSDK/toolchains/tegra-4.9-nv/usr/bin/aarch64-gnu-linux/../../sysroot/usr/lib/aarch64-gnu-linux/4.9.2] ==> [/home/ubuntu/NVIDIA/Drive/5050bL_SDK/DriveSDK/toolchains/tegra-4.9-nv/usr/sysroot/usr/lib/aarch64-gnu-linux/4.9.2]
  collapse library dir [/home/ubuntu/NVIDIA/Drive/5050bL_SDK/DriveSDK/toolchains/tegra-4.9-nv/usr/bin/aarch64-gnu-linux/../../sysroot/usr/lib] ==> [/home/ubuntu/NVIDIA/Drive/5050bL_SDK/DriveSDK/toolchains/tegra-4.9-nv/usr/sysroot/usr/lib]
  implicit libs: [stdc++;m;c]
  implicit dirs: [/lib-target;/targetfs/lib/aarch64-linux-gnu;/home/ubuntu/NVIDIA/Drive/5050bL_SDK/DriveSDK/toolchains/tegra-4.9-nv/usr/lib/aarch64-gnu-linux/gcc/aarch64-gnu-linux/4.9.2;/home/ubuntu/NVIDIA/Drive/5050bL_SDK/DriveSDK/toolchains/tegra-4.9-nv/usr/lib/aarch64-gnu-linux/gcc;/home/ubuntu/NVIDIA/Drive/5050bL_SDK/DriveSDK/toolchains/tegra-4.9-nv/usr/sysroot/lib;/home/ubuntu/NVIDIA/Drive/5050bL_SDK/DriveSDK/toolchains/tegra-4.9-nv/usr/sysroot/usr/lib/aarch64-gnu-linux/4.9.2;/home/ubuntu/NVIDIA/Drive/5050bL_SDK/DriveSDK/toolchains/tegra-4.9-nv/usr/sysroot/usr/lib]
  implicit fwks: []




Detecting CXX [-std=c++14] compiler features compiled with the following output:
Change Dir: /usr/local/driveworks-0.6/PilotNet/build-target/CMakeFiles/CMakeTmp

Run Build Command:"/usr/bin/make" "cmTC_30e87/fast"
/usr/bin/make -f CMakeFiles/cmTC_30e87.dir/build.make CMakeFiles/cmTC_30e87.dir/build
make[1]: Entering directory '/usr/local/driveworks-0.6/PilotNet/build-target/CMakeFiles/CMakeTmp'
Building CXX object CMakeFiles/cmTC_30e87.dir/feature_tests.cxx.o
/home/ubuntu/NVIDIA/Drive/5050bL_SDK/DriveSDK/drive-t186ref-linux/../toolchains/tegra-4.9-nv/usr/bin/aarch64-gnu-linux/aarch64-gnu-linux-g++   -DVIBRANTE -DVIBRANTE_V5L -isystem /include  -fPIC    -std=c++14 -o CMakeFiles/cmTC_30e87.dir/feature_tests.cxx.o -c /usr/local/driveworks-0.6/PilotNet/build-target/CMakeFiles/feature_tests.cxx
Linking CXX executable cmTC_30e87
/usr/bin/cmake -E cmake_link_script CMakeFiles/cmTC_30e87.dir/link.txt --verbose=1
/home/ubuntu/NVIDIA/Drive/5050bL_SDK/DriveSDK/drive-t186ref-linux/../toolchains/tegra-4.9-nv/usr/bin/aarch64-gnu-linux/aarch64-gnu-linux-g++   -fPIC   -L/lib-target -L/targetfs/lib/aarch64-linux-gnu -Wl,-rpath,/lib-target   CMakeFiles/cmTC_30e87.dir/feature_tests.cxx.o  -o cmTC_30e87 -rdynamic 
make[1]: Leaving directory '/usr/local/driveworks-0.6/PilotNet/build-target/CMakeFiles/CMakeTmp'


    Feature record: CXX_FEATURE:0cxx_aggregate_default_initializers
    Feature record: CXX_FEATURE:1cxx_alias_templates
    Feature record: CXX_FEATURE:1cxx_alignas
    Feature record: CXX_FEATURE:1cxx_alignof
    Feature record: CXX_FEATURE:1cxx_attributes
    Feature record: CXX_FEATURE:1cxx_attribute_deprecated
    Feature record: CXX_FEATURE:1cxx_auto_type
    Feature record: CXX_FEATURE:1cxx_binary_literals
    Feature record: CXX_FEATURE:1cxx_constexpr
    Feature record: CXX_FEATURE:1cxx_contextual_conversions
    Feature record: CXX_FEATURE:1cxx_decltype
    Feature record: CXX_FEATURE:1cxx_decltype_auto
    Feature record: CXX_FEATURE:1cxx_decltype_incomplete_return_types
    Feature record: CXX_FEATURE:1cxx_default_function_template_args
    Feature record: CXX_FEATURE:1cxx_defaulted_functions
    Feature record: CXX_FEATURE:1cxx_defaulted_move_initializers
    Feature record: CXX_FEATURE:1cxx_delegating_constructors
    Feature record: CXX_FEATURE:1cxx_deleted_functions
    Feature record: CXX_FEATURE:1cxx_digit_separators
    Feature record: CXX_FEATURE:1cxx_enum_forward_declarations
    Feature record: CXX_FEATURE:1cxx_explicit_conversions
    Feature record: CXX_FEATURE:1cxx_extended_friend_declarations
    Feature record: CXX_FEATURE:1cxx_extern_templates
    Feature record: CXX_FEATURE:1cxx_final
    Feature record: CXX_FEATURE:1cxx_func_identifier
    Feature record: CXX_FEATURE:1cxx_generalized_initializers
    Feature record: CXX_FEATURE:1cxx_generic_lambdas
    Feature record: CXX_FEATURE:1cxx_inheriting_constructors
    Feature record: CXX_FEATURE:1cxx_inline_namespaces
    Feature record: CXX_FEATURE:1cxx_lambdas
    Feature record: CXX_FEATURE:1cxx_lambda_init_captures
    Feature record: CXX_FEATURE:1cxx_local_type_template_args
    Feature record: CXX_FEATURE:1cxx_long_long_type
    Feature record: CXX_FEATURE:1cxx_noexcept
    Feature record: CXX_FEATURE:1cxx_nonstatic_member_init
    Feature record: CXX_FEATURE:1cxx_nullptr
    Feature record: CXX_FEATURE:1cxx_override
    Feature record: CXX_FEATURE:1cxx_range_for
    Feature record: CXX_FEATURE:1cxx_raw_string_literals
    Feature record: CXX_FEATURE:1cxx_reference_qualified_functions
    Feature record: CXX_FEATURE:0cxx_relaxed_constexpr
    Feature record: CXX_FEATURE:1cxx_return_type_deduction
    Feature record: CXX_FEATURE:1cxx_right_angle_brackets
    Feature record: CXX_FEATURE:1cxx_rvalue_references
    Feature record: CXX_FEATURE:1cxx_sizeof_member
    Feature record: CXX_FEATURE:1cxx_static_assert
    Feature record: CXX_FEATURE:1cxx_strong_enums
    Feature record: CXX_FEATURE:1cxx_template_template_parameters
    Feature record: CXX_FEATURE:1cxx_thread_local
    Feature record: CXX_FEATURE:1cxx_trailing_return_types
    Feature record: CXX_FEATURE:1cxx_unicode_literals
    Feature record: CXX_FEATURE:1cxx_uniform_initialization
    Feature record: CXX_FEATURE:1cxx_unrestricted_unions
    Feature record: CXX_FEATURE:1cxx_user_literals
    Feature record: CXX_FEATURE:0cxx_variable_templates
    Feature record: CXX_FEATURE:1cxx_variadic_macros
    Feature record: CXX_FEATURE:1cxx_variadic_templates


Detecting CXX [-std=c++11] compiler features compiled with the following output:
Change Dir: /usr/local/driveworks-0.6/PilotNet/build-target/CMakeFiles/CMakeTmp

Run Build Command:"/usr/bin/make" "cmTC_a5e70/fast"
/usr/bin/make -f CMakeFiles/cmTC_a5e70.dir/build.make CMakeFiles/cmTC_a5e70.dir/build
make[1]: Entering directory '/usr/local/driveworks-0.6/PilotNet/build-target/CMakeFiles/CMakeTmp'
Building CXX object CMakeFiles/cmTC_a5e70.dir/feature_tests.cxx.o
/home/ubuntu/NVIDIA/Drive/5050bL_SDK/DriveSDK/drive-t186ref-linux/../toolchains/tegra-4.9-nv/usr/bin/aarch64-gnu-linux/aarch64-gnu-linux-g++   -DVIBRANTE -DVIBRANTE_V5L -isystem /include  -fPIC    -std=c++11 -o CMakeFiles/cmTC_a5e70.dir/feature_tests.cxx.o -c /usr/local/driveworks-0.6/PilotNet/build-target/CMakeFiles/feature_tests.cxx
Linking CXX executable cmTC_a5e70
/usr/bin/cmake -E cmake_link_script CMakeFiles/cmTC_a5e70.dir/link.txt --verbose=1
/home/ubuntu/NVIDIA/Drive/5050bL_SDK/DriveSDK/drive-t186ref-linux/../toolchains/tegra-4.9-nv/usr/bin/aarch64-gnu-linux/aarch64-gnu-linux-g++   -fPIC   -L/lib-target -L/targetfs/lib/aarch64-linux-gnu -Wl,-rpath,/lib-target   CMakeFiles/cmTC_a5e70.dir/feature_tests.cxx.o  -o cmTC_a5e70 -rdynamic 
make[1]: Leaving directory '/usr/local/driveworks-0.6/PilotNet/build-target/CMakeFiles/CMakeTmp'


    Feature record: CXX_FEATURE:0cxx_aggregate_default_initializers
    Feature record: CXX_FEATURE:1cxx_alias_templates
    Feature record: CXX_FEATURE:1cxx_alignas
    Feature record: CXX_FEATURE:1cxx_alignof
    Feature record: CXX_FEATURE:1cxx_attributes
    Feature record: CXX_FEATURE:0cxx_attribute_deprecated
    Feature record: CXX_FEATURE:1cxx_auto_type
    Feature record: CXX_FEATURE:0cxx_binary_literals
    Feature record: CXX_FEATURE:1cxx_constexpr
    Feature record: CXX_FEATURE:0cxx_contextual_conversions
    Feature record: CXX_FEATURE:1cxx_decltype
    Feature record: CXX_FEATURE:0cxx_decltype_auto
    Feature record: CXX_FEATURE:1cxx_decltype_incomplete_return_types
    Feature record: CXX_FEATURE:1cxx_default_function_template_args
    Feature record: CXX_FEATURE:1cxx_defaulted_functions
    Feature record: CXX_FEATURE:1cxx_defaulted_move_initializers
    Feature record: CXX_FEATURE:1cxx_delegating_constructors
    Feature record: CXX_FEATURE:1cxx_deleted_functions
    Feature record: CXX_FEATURE:0cxx_digit_separators
    Feature record: CXX_FEATURE:1cxx_enum_forward_declarations
    Feature record: CXX_FEATURE:1cxx_explicit_conversions
    Feature record: CXX_FEATURE:1cxx_extended_friend_declarations
    Feature record: CXX_FEATURE:1cxx_extern_templates
    Feature record: CXX_FEATURE:1cxx_final
    Feature record: CXX_FEATURE:1cxx_func_identifier
    Feature record: CXX_FEATURE:1cxx_generalized_initializers
    Feature record: CXX_FEATURE:0cxx_generic_lambdas
    Feature record: CXX_FEATURE:1cxx_inheriting_constructors
    Feature record: CXX_FEATURE:1cxx_inline_namespaces
    Feature record: CXX_FEATURE:1cxx_lambdas
    Feature record: CXX_FEATURE:0cxx_lambda_init_captures
    Feature record: CXX_FEATURE:1cxx_local_type_template_args
    Feature record: CXX_FEATURE:1cxx_long_long_type
    Feature record: CXX_FEATURE:1cxx_noexcept
    Feature record: CXX_FEATURE:1cxx_nonstatic_member_init
    Feature record: CXX_FEATURE:1cxx_nullptr
    Feature record: CXX_FEATURE:1cxx_override
    Feature record: CXX_FEATURE:1cxx_range_for
    Feature record: CXX_FEATURE:1cxx_raw_string_literals
    Feature record: CXX_FEATURE:1cxx_reference_qualified_functions
    Feature record: CXX_FEATURE:0cxx_relaxed_constexpr
    Feature record: CXX_FEATURE:0cxx_return_type_deduction
    Feature record: CXX_FEATURE:1cxx_right_angle_brackets
    Feature record: CXX_FEATURE:1cxx_rvalue_references
    Feature record: CXX_FEATURE:1cxx_sizeof_member
    Feature record: CXX_FEATURE:1cxx_static_assert
    Feature record: CXX_FEATURE:1cxx_strong_enums
    Feature record: CXX_FEATURE:1cxx_template_template_parameters
    Feature record: CXX_FEATURE:1cxx_thread_local
    Feature record: CXX_FEATURE:1cxx_trailing_return_types
    Feature record: CXX_FEATURE:1cxx_unicode_literals
    Feature record: CXX_FEATURE:1cxx_uniform_initialization
    Feature record: CXX_FEATURE:1cxx_unrestricted_unions
    Feature record: CXX_FEATURE:1cxx_user_literals
    Feature record: CXX_FEATURE:0cxx_variable_templates
    Feature record: CXX_FEATURE:1cxx_variadic_macros
    Feature record: CXX_FEATURE:1cxx_variadic_templates


Detecting CXX [-std=c++98] compiler features compiled with the following output:
Change Dir: /usr/local/driveworks-0.6/PilotNet/build-target/CMakeFiles/CMakeTmp

Run Build Command:"/usr/bin/make" "cmTC_118b7/fast"
/usr/bin/make -f CMakeFiles/cmTC_118b7.dir/build.make CMakeFiles/cmTC_118b7.dir/build
make[1]: Entering directory '/usr/local/driveworks-0.6/PilotNet/build-target/CMakeFiles/CMakeTmp'
Building CXX object CMakeFiles/cmTC_118b7.dir/feature_tests.cxx.o
/home/ubuntu/NVIDIA/Drive/5050bL_SDK/DriveSDK/drive-t186ref-linux/../toolchains/tegra-4.9-nv/usr/bin/aarch64-gnu-linux/aarch64-gnu-linux-g++   -DVIBRANTE -DVIBRANTE_V5L -isystem /include  -fPIC    -std=c++98 -o CMakeFiles/cmTC_118b7.dir/feature_tests.cxx.o -c /usr/local/driveworks-0.6/PilotNet/build-target/CMakeFiles/feature_tests.cxx
Linking CXX executable cmTC_118b7
/usr/bin/cmake -E cmake_link_script CMakeFiles/cmTC_118b7.dir/link.txt --verbose=1
/home/ubuntu/NVIDIA/Drive/5050bL_SDK/DriveSDK/drive-t186ref-linux/../toolchains/tegra-4.9-nv/usr/bin/aarch64-gnu-linux/aarch64-gnu-linux-g++   -fPIC   -L/lib-target -L/targetfs/lib/aarch64-linux-gnu -Wl,-rpath,/lib-target   CMakeFiles/cmTC_118b7.dir/feature_tests.cxx.o  -o cmTC_118b7 -rdynamic 
make[1]: Leaving directory '/usr/local/driveworks-0.6/PilotNet/build-target/CMakeFiles/CMakeTmp'


    Feature record: CXX_FEATURE:0cxx_aggregate_default_initializers
    Feature record: CXX_FEATURE:0cxx_alias_templates
    Feature record: CXX_FEATURE:0cxx_alignas
    Feature record: CXX_FEATURE:0cxx_alignof
    Feature record: CXX_FEATURE:0cxx_attributes
    Feature record: CXX_FEATURE:0cxx_attribute_deprecated
    Feature record: CXX_FEATURE:0cxx_auto_type
    Feature record: CXX_FEATURE:0cxx_binary_literals
    Feature record: CXX_FEATURE:0cxx_constexpr
    Feature record: CXX_FEATURE:0cxx_contextual_conversions
    Feature record: CXX_FEATURE:0cxx_decltype
    Feature record: CXX_FEATURE:0cxx_decltype_auto
    Feature record: CXX_FEATURE:0cxx_decltype_incomplete_return_types
    Feature record: CXX_FEATURE:0cxx_default_function_template_args
    Feature record: CXX_FEATURE:0cxx_defaulted_functions
    Feature record: CXX_FEATURE:0cxx_defaulted_move_initializers
    Feature record: CXX_FEATURE:0cxx_delegating_constructors
    Feature record: CXX_FEATURE:0cxx_deleted_functions
    Feature record: CXX_FEATURE:0cxx_digit_separators
    Feature record: CXX_FEATURE:0cxx_enum_forward_declarations
    Feature record: CXX_FEATURE:0cxx_explicit_conversions
    Feature record: CXX_FEATURE:0cxx_extended_friend_declarations
    Feature record: CXX_FEATURE:0cxx_extern_templates
    Feature record: CXX_FEATURE:0cxx_final
    Feature record: CXX_FEATURE:0cxx_func_identifier
    Feature record: CXX_FEATURE:0cxx_generalized_initializers
    Feature record: CXX_FEATURE:0cxx_generic_lambdas
    Feature record: CXX_FEATURE:0cxx_inheriting_constructors
    Feature record: CXX_FEATURE:0cxx_inline_namespaces
    Feature record: CXX_FEATURE:0cxx_lambdas
    Feature record: CXX_FEATURE:0cxx_lambda_init_captures
    Feature record: CXX_FEATURE:0cxx_local_type_template_args
    Feature record: CXX_FEATURE:0cxx_long_long_type
    Feature record: CXX_FEATURE:0cxx_noexcept
    Feature record: CXX_FEATURE:0cxx_nonstatic_member_init
    Feature record: CXX_FEATURE:0cxx_nullptr
    Feature record: CXX_FEATURE:0cxx_override
    Feature record: CXX_FEATURE:0cxx_range_for
    Feature record: CXX_FEATURE:0cxx_raw_string_literals
    Feature record: CXX_FEATURE:0cxx_reference_qualified_functions
    Feature record: CXX_FEATURE:0cxx_relaxed_constexpr
    Feature record: CXX_FEATURE:0cxx_return_type_deduction
    Feature record: CXX_FEATURE:0cxx_right_angle_brackets
    Feature record: CXX_FEATURE:0cxx_rvalue_references
    Feature record: CXX_FEATURE:0cxx_sizeof_member
    Feature record: CXX_FEATURE:0cxx_static_assert
    Feature record: CXX_FEATURE:0cxx_strong_enums
    Feature record: CXX_FEATURE:1cxx_template_template_parameters
    Feature record: CXX_FEATURE:0cxx_thread_local
    Feature record: CXX_FEATURE:0cxx_trailing_return_types
    Feature record: CXX_FEATURE:0cxx_unicode_literals
    Feature record: CXX_FEATURE:0cxx_uniform_initialization
    Feature record: CXX_FEATURE:0cxx_unrestricted_unions
    Feature record: CXX_FEATURE:0cxx_user_literals
    Feature record: CXX_FEATURE:0cxx_variable_templates
    Feature record: CXX_FEATURE:0cxx_variadic_macros
    Feature record: CXX_FEATURE:0cxx_variadic_templates
Determining if the include file pthread.h exists passed with the following output:
Change Dir: /usr/local/driveworks-0.6/PilotNet/build-target/CMakeFiles/CMakeTmp

Run Build Command:"/usr/bin/make" "cmTC_2e413/fast"
/usr/bin/make -f CMakeFiles/cmTC_2e413.dir/build.make CMakeFiles/cmTC_2e413.dir/build
make[1]: Entering directory '/usr/local/driveworks-0.6/PilotNet/build-target/CMakeFiles/CMakeTmp'
Building C object CMakeFiles/cmTC_2e413.dir/CheckIncludeFile.c.o
/home/ubuntu/NVIDIA/Drive/5050bL_SDK/DriveSDK/drive-t186ref-linux/../toolchains/tegra-4.9-nv/usr/bin/aarch64-gnu-linux/aarch64-gnu-linux-gcc  -DVIBRANTE -DVIBRANTE_V5L -isystem /include  -fPIC    -o CMakeFiles/cmTC_2e413.dir/CheckIncludeFile.c.o   -c /usr/local/driveworks-0.6/PilotNet/build-target/CMakeFiles/CMakeTmp/CheckIncludeFile.c
Linking C executable cmTC_2e413
/usr/bin/cmake -E cmake_link_script CMakeFiles/cmTC_2e413.dir/link.txt --verbose=1
/home/ubuntu/NVIDIA/Drive/5050bL_SDK/DriveSDK/drive-t186ref-linux/../toolchains/tegra-4.9-nv/usr/bin/aarch64-gnu-linux/aarch64-gnu-linux-gcc  -fPIC   -L/lib-target -L/targetfs/lib/aarch64-linux-gnu -Wl,-rpath,/lib-target   CMakeFiles/cmTC_2e413.dir/CheckIncludeFile.c.o  -o cmTC_2e413 -rdynamic 
make[1]: Leaving directory '/usr/local/driveworks-0.6/PilotNet/build-target/CMakeFiles/CMakeTmp'


Determining if the function pthread_create exists in the pthread passed with the following output:
Change Dir: /usr/local/driveworks-0.6/PilotNet/build-target/CMakeFiles/CMakeTmp

Run Build Command:"/usr/bin/make" "cmTC_c3be0/fast"
/usr/bin/make -f CMakeFiles/cmTC_c3be0.dir/build.make CMakeFiles/cmTC_c3be0.dir/build
make[1]: Entering directory '/usr/local/driveworks-0.6/PilotNet/build-target/CMakeFiles/CMakeTmp'
Building C object CMakeFiles/cmTC_c3be0.dir/CheckFunctionExists.c.o
/home/ubuntu/NVIDIA/Drive/5050bL_SDK/DriveSDK/drive-t186ref-linux/../toolchains/tegra-4.9-nv/usr/bin/aarch64-gnu-linux/aarch64-gnu-linux-gcc  -DVIBRANTE -DVIBRANTE_V5L -isystem /include  -fPIC -DCHECK_FUNCTION_EXISTS=pthread_create   -o CMakeFiles/cmTC_c3be0.dir/CheckFunctionExists.c.o   -c /usr/share/cmake-3.5/Modules/CheckFunctionExists.c
Linking C executable cmTC_c3be0
/usr/bin/cmake -E cmake_link_script CMakeFiles/cmTC_c3be0.dir/link.txt --verbose=1
/home/ubuntu/NVIDIA/Drive/5050bL_SDK/DriveSDK/drive-t186ref-linux/../toolchains/tegra-4.9-nv/usr/bin/aarch64-gnu-linux/aarch64-gnu-linux-gcc  -fPIC -DCHECK_FUNCTION_EXISTS=pthread_create  -L/lib-target -L/targetfs/lib/aarch64-linux-gnu -Wl,-rpath,/lib-target   CMakeFiles/cmTC_c3be0.dir/CheckFunctionExists.c.o  -o cmTC_c3be0 -rdynamic -lpthread 
make[1]: Leaving directory '/usr/local/driveworks-0.6/PilotNet/build-target/CMakeFiles/CMakeTmp'


